11/Jun/2023 19:11:55,683- Demoweapps: URL is opened
11/Jun/2023 19:11:58,449- Demoweapps: login is sucessfull
11/Jun/2023 19:11:58,464- Demoweapps: test is passed ============
11/Jun/2023 19:14:34,552- Demoweapps: URL is opened
11/Jun/2023 19:14:36,993- Demoweapps: login is sucessfull
11/Jun/2023 19:14:37,005- Demoweapps: test is passed ============
11/Jun/2023 20:51:54,694- Demoweapps: URL is opened
11/Jun/2023 20:52:00,097- Demoweapps: login is sucessfull
11/Jun/2023 20:52:00,110- Demoweapps: test is passed ============
12/Jun/2023 13:27:53,417- Demoweapps: URL is opened
12/Jun/2023 13:27:56,721- Demoweapps: login is sucessfull
12/Jun/2023 13:27:56,736- Demoweapps: test is passed ============
12/Jun/2023 13:30:34,674- Demoweapps: i am in chrome ....
12/Jun/2023 13:30:37,272- Demoweapps: URL is opened
12/Jun/2023 13:30:40,446- Demoweapps: login is sucessfull
12/Jun/2023 13:30:40,461- Demoweapps: test is passed ============
12/Jun/2023 13:49:19,396- Demoweapps: URL is opened
12/Jun/2023 13:49:22,912- Demoweapps: login is sucessfull
12/Jun/2023 13:49:22,924- Demoweapps: test is passed ============
12/Jun/2023 13:54:03,538- Demoweapps: i am in chrome ....
12/Jun/2023 13:54:07,739- Demoweapps: browser is launched
12/Jun/2023 13:54:07,755- Demoweapps: URL is opened
12/Jun/2023 13:54:10,237- Demoweapps: login is sucessfull
12/Jun/2023 13:54:10,253- Demoweapps: test is passed ============
12/Jun/2023 19:25:04,606- Demoweapps: browser is launched
12/Jun/2023 19:25:08,183- Demoweapps: test is passed ============
12/Jun/2023 20:23:54,214- Demoweapps: browser is launched
12/Jun/2023 20:23:57,425- Demoweapps: test is passed ============
12/Jun/2023 20:52:39,568- Demoweapps: test is passed ============
12/Jun/2023 20:59:36,145- Demoweapps: test is passed ============
12/Jun/2023 21:07:45,130- Demoweapps: test is passed ============
12/Jun/2023 21:10:39,366- Demoweapps: test is passed ============
12/Jun/2023 21:13:27,277- Demoweapps: test is passed ============
12/Jun/2023 21:18:53,655- Demoweapps: test is passed ============
13/Jun/2023 08:39:22,444- Demoweapps: test is passed ============
13/Jun/2023 08:41:56,840- Demoweapps: test is passed ============
13/Jun/2023 08:47:56,600- Demoweapps: test is passed ============
13/Jun/2023 08:49:54,466- Demoweapps: test is passed ============
13/Jun/2023 08:58:13,340- Demoweapps: test is passed ============
13/Jun/2023 10:23:48,454- Demoweapps: test is passed ============
13/Jun/2023 15:26:26,542- Demoweapps: test is passed ============
13/Jun/2023 15:49:37,204- Demoweapps: test is passed ============
13/Jun/2023 15:51:25,626- Demoweapps: test is passed ============
13/Jun/2023 16:30:30,971- Demoweapps: test is passed ============
13/Jun/2023 16:43:08,427- Demoweapps: test is passed ============
13/Jun/2023 16:43:44,560- Demoweapps: test is passed ============
13/Jun/2023 20:34:51,950- Demoweapps: test is passed ============
15/Jun/2023 17:26:47,391- Demoweapps: test is passed ============
15/Jun/2023 17:27:13,795- Demoweapps: test is passed ============
15/Jun/2023 17:27:45,079- Demoweapps: test is passed ============
15/Jun/2023 17:28:11,748- Demoweapps: test is passed ============
17/Jun/2023 13:01:25,699- Demoweapps: test is passed ============
17/Jun/2023 14:57:01,565- Demoweapps: test is passed ============
17/Jun/2023 15:29:07,314- Demoweapps: test is passed ============
17/Jun/2023 15:38:39,262- Demoweapps: test is passed ============
17/Jun/2023 15:39:14,469- Demoweapps: test is passed ============
17/Jun/2023 15:40:00,416- Demoweapps: test is passed ============
17/Jun/2023 17:36:12,424- Demoweapps: test is passed ============
17/Jun/2023 18:07:43,891- Demoweapps: test is passed ============
17/Jun/2023 18:09:19,412- Demoweapps: test is passed ============
17/Jun/2023 18:13:56,746- Demoweapps: test is passed ============
17/Jun/2023 18:16:01,323- Demoweapps: test is passed ============
17/Jun/2023 18:22:38,659- Demoweapps: test is passed ============
17/Jun/2023 18:23:19,422- Demoweapps: test is passed ============
17/Jun/2023 18:24:57,751- Demoweapps: test is passed ============
17/Jun/2023 18:26:53,427- Demoweapps: test is passed ============
17/Jun/2023 18:28:24,872- Demoweapps: test is passed ============
17/Jun/2023 18:30:49,494- Demoweapps: test is passed ============
17/Jun/2023 18:31:35,611- Demoweapps: test is passed ============
17/Jun/2023 18:33:58,922- Demoweapps: test is passed ============
17/Jun/2023 18:34:37,953- Demoweapps: test is passed ============
17/Jun/2023 18:37:32,762- Demoweapps: test is passed ============
17/Jun/2023 18:41:42,800- Demoweapps: test is passed ============
19/Jun/2023 17:53:52,081- Demoweapps: test is passed ============
19/Jun/2023 17:57:55,841- Demoweapps: test is passed ============
